Performing C++ SOURCE FILE Test CMAKE_HAVE_LIBC_PTHREAD failed with the following output:
Change Dir: /home/developer/workspace/spix/cmake-build-debug/CMakeFiles/CMakeTmp

Run Build Command(s):/usr/bin/make -f Makefile cmTC_bf503/fast && /usr/bin/make  -f CMakeFiles/cmTC_bf503.dir/build.make CMakeFiles/cmTC_bf503.dir/build
make[1]: Entering directory '/home/developer/workspace/spix/cmake-build-debug/CMakeFiles/CMakeTmp'
Building CXX object CMakeFiles/cmTC_bf503.dir/src.cxx.o
/usr/bin/c++ -DCMAKE_HAVE_LIBC_PTHREAD   -o CMakeFiles/cmTC_bf503.dir/src.cxx.o -c /home/developer/workspace/spix/cmake-build-debug/CMakeFiles/CMakeTmp/src.cxx
Linking CXX executable cmTC_bf503
/snap/cmake/876/bin/cmake -E cmake_link_script CMakeFiles/cmTC_bf503.dir/link.txt --verbose=1
/usr/bin/c++ -rdynamic CMakeFiles/cmTC_bf503.dir/src.cxx.o -o cmTC_bf503 
CMakeFiles/cmTC_bf503.dir/src.cxx.o: In function `main':
src.cxx:(.text+0x3e): undefined reference to `pthread_create'
src.cxx:(.text+0x4a): undefined reference to `pthread_detach'
src.cxx:(.text+0x56): undefined reference to `pthread_cancel'
src.cxx:(.text+0x67): undefined reference to `pthread_join'
src.cxx:(.text+0x7b): undefined reference to `pthread_atfork'
collect2: error: ld returned 1 exit status
CMakeFiles/cmTC_bf503.dir/build.make:98: recipe for target 'cmTC_bf503' failed
make[1]: *** [cmTC_bf503] Error 1
make[1]: Leaving directory '/home/developer/workspace/spix/cmake-build-debug/CMakeFiles/CMakeTmp'
Makefile:127: recipe for target 'cmTC_bf503/fast' failed
make: *** [cmTC_bf503/fast] Error 2


Source file was:
#include <pthread.h>

static void* test_func(void* data)
{
  return data;
}

int main(void)
{
  pthread_t thread;
  pthread_create(&thread, NULL, test_func, NULL);
  pthread_detach(thread);
  pthread_cancel(thread);
  pthread_join(thread, NULL);
  pthread_atfork(NULL, NULL, NULL);
  pthread_exit(NULL);

  return 0;
}

Determining if the function pthread_create exists in the pthreads failed with the following output:
Change Dir: /home/developer/workspace/spix/cmake-build-debug/CMakeFiles/CMakeTmp

Run Build Command(s):/usr/bin/make -f Makefile cmTC_975d4/fast && /usr/bin/make  -f CMakeFiles/cmTC_975d4.dir/build.make CMakeFiles/cmTC_975d4.dir/build
make[1]: Entering directory '/home/developer/workspace/spix/cmake-build-debug/CMakeFiles/CMakeTmp'
Building CXX object CMakeFiles/cmTC_975d4.dir/CheckFunctionExists.cxx.o
/usr/bin/c++   -DCHECK_FUNCTION_EXISTS=pthread_create -o CMakeFiles/cmTC_975d4.dir/CheckFunctionExists.cxx.o -c /home/developer/workspace/spix/cmake-build-debug/CMakeFiles/CheckLibraryExists/CheckFunctionExists.cxx
Linking CXX executable cmTC_975d4
/snap/cmake/876/bin/cmake -E cmake_link_script CMakeFiles/cmTC_975d4.dir/link.txt --verbose=1
/usr/bin/c++  -DCHECK_FUNCTION_EXISTS=pthread_create -rdynamic CMakeFiles/cmTC_975d4.dir/CheckFunctionExists.cxx.o -o cmTC_975d4  -lpthreads 
/usr/bin/ld: cannot find -lpthreads
collect2: error: ld returned 1 exit status
CMakeFiles/cmTC_975d4.dir/build.make:98: recipe for target 'cmTC_975d4' failed
make[1]: *** [cmTC_975d4] Error 1
make[1]: Leaving directory '/home/developer/workspace/spix/cmake-build-debug/CMakeFiles/CMakeTmp'
Makefile:127: recipe for target 'cmTC_975d4/fast' failed
make: *** [cmTC_975d4/fast] Error 2



